0 info it worked if it ends with ok
1 verbose cli [ '/Users/andyyou/.nvm/versions/node/v5.6.0/bin/node',
1 verbose cli   '/Users/andyyou/.nvm/versions/node/v5.6.0/bin/npm',
1 verbose cli   'start' ]
2 info using npm@3.6.0
3 info using node@v5.6.0
4 verbose run-script [ 'prestart', 'start', 'poststart' ]
5 info lifecycle eyehouse2@0.0.2~prestart: eyehouse2@0.0.2
6 silly lifecycle eyehouse2@0.0.2~prestart: no script for prestart, continuing
7 info lifecycle eyehouse2@0.0.2~start: eyehouse2@0.0.2
8 verbose lifecycle eyehouse2@0.0.2~start: unsafe-perm in lifecycle true
9 verbose lifecycle eyehouse2@0.0.2~start: PATH: /Users/andyyou/.nvm/versions/node/v5.6.0/lib/node_modules/npm/bin/node-gyp-bin:/Users/andyyou/Workspace/sandbox/eyehouse2/node_modules/.bin:/Users/andyyou/.rvm/gems/ruby-2.3.0/bin:/Users/andyyou/.rvm/gems/ruby-2.3.0@global/bin:/Users/andyyou/.rvm/rubies/ruby-2.3.0/bin:/Users/andyyou/.nvm/versions/node/v5.6.0/bin:/usr/local/bin:/usr/bin:/bin:/usr/sbin:/sbin:/usr/local/bin:/usr/bin:/bin:/usr/sbin:/sbin:/Users/andyyou/.rvm/bin:/Users/andyyou/Library/Android/sdk/platform-tools:/Users/andyyou/Library/Android/sdk/tools
10 verbose lifecycle eyehouse2@0.0.2~start: CWD: /Users/andyyou/Workspace/sandbox/eyehouse2
11 silly lifecycle eyehouse2@0.0.2~start: Args: [ '-c', 'node ./bin/www' ]
12 silly lifecycle eyehouse2@0.0.2~start: Returned: code: 1  signal: null
13 info lifecycle eyehouse2@0.0.2~start: Failed to exec start script
14 verbose stack Error: eyehouse2@0.0.2 start: `node ./bin/www`
14 verbose stack Exit status 1
14 verbose stack     at EventEmitter.<anonymous> (/Users/andyyou/.nvm/versions/node/v5.6.0/lib/node_modules/npm/lib/utils/lifecycle.js:232:16)
14 verbose stack     at emitTwo (events.js:100:13)
14 verbose stack     at EventEmitter.emit (events.js:185:7)
14 verbose stack     at ChildProcess.<anonymous> (/Users/andyyou/.nvm/versions/node/v5.6.0/lib/node_modules/npm/lib/utils/spawn.js:24:14)
14 verbose stack     at emitTwo (events.js:100:13)
14 verbose stack     at ChildProcess.emit (events.js:185:7)
14 verbose stack     at maybeClose (internal/child_process.js:827:16)
14 verbose stack     at Process.ChildProcess._handle.onexit (internal/child_process.js:211:5)
15 verbose pkgid eyehouse2@0.0.2
16 verbose cwd /Users/andyyou/Workspace/sandbox/eyehouse2
17 error Darwin 15.3.0
18 error argv "/Users/andyyou/.nvm/versions/node/v5.6.0/bin/node" "/Users/andyyou/.nvm/versions/node/v5.6.0/bin/npm" "start"
19 error node v5.6.0
20 error npm  v3.6.0
21 error code ELIFECYCLE
22 error eyehouse2@0.0.2 start: `node ./bin/www`
22 error Exit status 1
23 error Failed at the eyehouse2@0.0.2 start script 'node ./bin/www'.
23 error Make sure you have the latest version of node.js and npm installed.
23 error If you do, this is most likely a problem with the eyehouse2 package,
23 error not with npm itself.
23 error Tell the author that this fails on your system:
23 error     node ./bin/www
23 error You can get information on how to open an issue for this project with:
23 error     npm bugs eyehouse2
23 error Or if that isn't available, you can get their info via:
23 error     npm owner ls eyehouse2
23 error There is likely additional logging output above.
24 verbose exit [ 1, true ]
